aw3349
*   6ca893a merge master and A
|\  
| *   c9556ad merge A and B
| |\  
| * | 5b3ccaf 2nd commit on A
* | |   f56a521 merge master and B
|\ \ \  
| | |/  
| |/|   
| * |   a9d2653 merge B and C
| |\ \  
| | |/  
| | * 5f392a0 1st commit on A
* | | 44ce338 3rd commit on master
|/ /  
* | 2f33ad4 2nd commit on master
|/  
* d219064 1st commit on master

bl2514
*   57720ae level4
|\  
| *   3c1d9e3 level3down
| |\  
| * | 6a7d6ec level2down
* | |   02b8b9f level3up
|\ \ \  
| | |/  
| |/|   
| * |   efba718 level2mid
| |\ \  
| | |/  
| |/|   
| * | 12b0ffe level1down
* | | 7c2375d lebel2up
| |/  
|/|   
* | 4c5039b level1up
|/  
* 4d280dd Lab 7

yt1353
*   654e226 9th commit (4th on testing).
|\  
| * 8021f2d 7th commit (5th on master).
| *   dd99ccb 6th commit (4th on master).
| |\  
| * | 08a605d 5th commit (3rd on master).
* | | 47537d4 8th commit (3rd on testing).
| |/  
|/|   
* | 5535ce3 4th commit (2nd on testing).
|/  
* 077afaf 3rd commit (1st on testing).
* 33ba908 2nd commit (2nd on master).
* a2e07f6 1st commit
